<?xml version="1.0" encoding="UTF-8"?>
<!-- Generated by org.testng.reporters.JUnitReportReporter -->
<testsuite skipped="0" hostname="PC" name="Pages.FlightSelection" tests="2" failures="0" timestamp="05 Apr 2020 15:12:38 GMT" time="7.966" errors="0">
  <testcase name="launchUrl" time="3.740" classname="Pages.FlightSelection"/>
  <testcase name="selectDepatureCity" time="4.226" classname="Pages.FlightSelection"/>
</testsuite> <!-- Pages.FlightSelection -->
