<?xml version="1.0" encoding="UTF-8"?>
<!-- Generated by org.testng.reporters.JUnitReportReporter -->
<testsuite skipped="0" hostname="PC" name="MMT.TestCaseTwo" tests="1" failures="0" timestamp="26 Apr 2020 14:43:31 GMT" time="60.946" errors="0">
  <testcase name="testCaseTwo" time="60.946" classname="MMT.TestCaseTwo"/>
</testsuite> <!-- MMT.TestCaseTwo -->
