<?xml version="1.0" encoding="UTF-8"?>
<!-- Generated by org.testng.reporters.JUnitReportReporter -->
<testsuite skipped="0" hostname="PC" name="MMT.TestCaseOne" tests="1" failures="0" timestamp="01 Jun 2020 13:35:39 GMT" time="52.895" errors="0">
  <testcase name="testCaseOne" time="52.895" classname="MMT.TestCaseOne"/>
</testsuite> <!-- MMT.TestCaseOne -->
